2014/12/14 23:07:59 [error] [exception.CDbException] exception 'CDbException' with message 'CDbConnection failed to open the DB connection: could not find driver' in /Applications/MAMP/htdocs/spAPI/framework/db/CDbConnection.php:382
Stack trace:
#0 /Applications/MAMP/htdocs/spAPI/framework/db/CDbConnection.php(330): CDbConnection->open()
#1 /Applications/MAMP/htdocs/spAPI/framework/db/CDbConnection.php(308): CDbConnection->setActive(true)
#2 /Applications/MAMP/htdocs/spAPI/framework/base/CModule.php(387): CDbConnection->init()
#3 /Applications/MAMP/htdocs/spAPI/framework/base/CModule.php(103): CModule->getComponent('db')
#4 /Applications/MAMP/htdocs/spAPI/framework/gii/generators/model/ModelCode.php(60): CModule->__get('db')
#5 /Applications/MAMP/htdocs/spAPI/framework/web/CFormModel.php(39): ModelCode->init()
#6 /Applications/MAMP/htdocs/spAPI/framework/gii/CCodeGenerator.php(153): CFormModel->__construct()
#7 /Applications/MAMP/htdocs/spAPI/framework/gii/CCodeGenerator.php(63): CCodeGenerator->prepare()
#8 /Applications/MAMP/htdocs/spAPI/framework/web/actions/CInlineAction.php(49): CCodeGenerator->actionIndex()
#9 /Applications/MAMP/htdocs/spAPI/framework/web/CController.php(308): CInlineAction->runWithParams(Array)
#10 /Applications/MAMP/htdocs/spAPI/framework/web/CController.php(286): CController->runAction(Object(CInlineAction))
#11 /Applications/MAMP/htdocs/spAPI/framework/web/CController.php(265): CController->runActionWithFilters(Object(CInlineAction), Array)
#12 /Applications/MAMP/htdocs/spAPI/framework/web/CWebApplication.php(282): CController->run('index')
#13 /Applications/MAMP/htdocs/spAPI/framework/web/CWebApplication.php(141): CWebApplication->runController('gii/model/index')
#14 /Applications/MAMP/htdocs/spAPI/framework/base/CApplication.php(180): CWebApplication->processRequest()
#15 /Applications/MAMP/htdocs/spAPI/index.php(13): CApplication->run()
#16 {main}
REQUEST_URI=/index.php?r=gii/model/index
HTTP_REFERER=http://spapi/index.php?r=gii/default/index
---
2014/12/14 23:15:27 [error] [exception.CDbException] exception 'CDbException' with message 'CDbConnection failed to open the DB connection: could not find driver' in /Applications/MAMP/htdocs/spAPI/framework/db/CDbConnection.php:382
Stack trace:
#0 /Applications/MAMP/htdocs/spAPI/framework/db/CDbConnection.php(330): CDbConnection->open()
#1 /Applications/MAMP/htdocs/spAPI/framework/db/CDbConnection.php(308): CDbConnection->setActive(true)
#2 /Applications/MAMP/htdocs/spAPI/framework/base/CModule.php(387): CDbConnection->init()
#3 /Applications/MAMP/htdocs/spAPI/framework/base/CModule.php(103): CModule->getComponent('db')
#4 /Applications/MAMP/htdocs/spAPI/framework/gii/generators/model/ModelCode.php(60): CModule->__get('db')
#5 /Applications/MAMP/htdocs/spAPI/framework/web/CFormModel.php(39): ModelCode->init()
#6 /Applications/MAMP/htdocs/spAPI/framework/gii/CCodeGenerator.php(153): CFormModel->__construct()
#7 /Applications/MAMP/htdocs/spAPI/framework/gii/CCodeGenerator.php(63): CCodeGenerator->prepare()
#8 /Applications/MAMP/htdocs/spAPI/framework/web/actions/CInlineAction.php(49): CCodeGenerator->actionIndex()
#9 /Applications/MAMP/htdocs/spAPI/framework/web/CController.php(308): CInlineAction->runWithParams(Array)
#10 /Applications/MAMP/htdocs/spAPI/framework/web/CController.php(286): CController->runAction(Object(CInlineAction))
#11 /Applications/MAMP/htdocs/spAPI/framework/web/CController.php(265): CController->runActionWithFilters(Object(CInlineAction), Array)
#12 /Applications/MAMP/htdocs/spAPI/framework/web/CWebApplication.php(282): CController->run('index')
#13 /Applications/MAMP/htdocs/spAPI/framework/web/CWebApplication.php(141): CWebApplication->runController('gii/model/index')
#14 /Applications/MAMP/htdocs/spAPI/framework/base/CApplication.php(180): CWebApplication->processRequest()
#15 /Applications/MAMP/htdocs/spAPI/index.php(13): CApplication->run()
#16 {main}
REQUEST_URI=/index.php?r=gii/model/index
HTTP_REFERER=http://spapi/index.php?r=gii/default/index
---
2015/03/12 16:58:46 [error] [exception.CDbException] exception 'CDbException' with message 'CDbConnection failed to open the DB connection: could not find driver' in E:\SERVER\WAMP\www\spAPI\framework\db\CDbConnection.php:382
Stack trace:
#0 E:\SERVER\WAMP\www\spAPI\framework\db\CDbConnection.php(330): CDbConnection->open()
#1 E:\SERVER\WAMP\www\spAPI\framework\db\CDbConnection.php(308): CDbConnection->setActive(true)
#2 E:\SERVER\WAMP\www\spAPI\framework\base\CModule.php(387): CDbConnection->init()
#3 E:\SERVER\WAMP\www\spAPI\framework\base\CApplication.php(450): CModule->getComponent('db')
#4 E:\SERVER\WAMP\www\spAPI\framework\db\ar\CActiveRecord.php(634): CApplication->getDb()
#5 E:\SERVER\WAMP\www\spAPI\framework\db\ar\CActiveRecord.php(667): CActiveRecord->getDbConnection()
#6 E:\SERVER\WAMP\www\spAPI\framework\db\ar\CActiveRecord.php(1469): CActiveRecord->getCommandBuilder()
#7 E:\SERVER\WAMP\www\spAPI\protected\controllers\SiteController.php(107): CActiveRecord->findAll(Object(CDbCriteria))
#8 E:\SERVER\WAMP\www\spAPI\protected\controllers\SiteController.php(31): SiteController->actionClaims(NULL, false)
#9 [internal function]: SiteController->actionIndex(NULL)
#10 E:\SERVER\WAMP\www\spAPI\framework\web\actions\CAction.php(108): ReflectionMethod->invokeArgs(Object(SiteController), Array)
#11 E:\SERVER\WAMP\www\spAPI\framework\web\actions\CInlineAction.php(47): CAction->runWithParamsInternal(Object(SiteController), Object(ReflectionMethod), Array)
#12 E:\SERVER\WAMP\www\spAPI\framework\web\CController.php(308): CInlineAction->runWithParams(Array)
#13 E:\SERVER\WAMP\www\spAPI\framework\web\CController.php(286): CController->runAction(Object(CInlineAction))
#14 E:\SERVER\WAMP\www\spAPI\framework\web\CController.php(265): CController->runActionWithFilters(Object(CInlineAction), Array)
#15 E:\SERVER\WAMP\www\spAPI\framework\web\CWebApplication.php(282): CController->run('')
#16 E:\SERVER\WAMP\www\spAPI\framework\web\CWebApplication.php(141): CWebApplication->runController('')
#17 E:\SERVER\WAMP\www\spAPI\framework\base\CApplication.php(180): CWebApplication->processRequest()
#18 E:\SERVER\WAMP\www\spAPI\index.php(13): CApplication->run()
#19 {main}
REQUEST_URI=/
---
2015/03/12 16:58:59 [error] [exception.CDbException] exception 'CDbException' with message 'CDbConnection failed to open the DB connection: could not find driver' in E:\SERVER\WAMP\www\spAPI\framework\db\CDbConnection.php:382
Stack trace:
#0 E:\SERVER\WAMP\www\spAPI\framework\db\CDbConnection.php(330): CDbConnection->open()
#1 E:\SERVER\WAMP\www\spAPI\framework\db\CDbConnection.php(308): CDbConnection->setActive(true)
#2 E:\SERVER\WAMP\www\spAPI\framework\base\CModule.php(387): CDbConnection->init()
#3 E:\SERVER\WAMP\www\spAPI\framework\base\CApplication.php(450): CModule->getComponent('db')
#4 E:\SERVER\WAMP\www\spAPI\framework\db\ar\CActiveRecord.php(634): CApplication->getDb()
#5 E:\SERVER\WAMP\www\spAPI\framework\db\ar\CActiveRecord.php(667): CActiveRecord->getDbConnection()
#6 E:\SERVER\WAMP\www\spAPI\framework\db\ar\CActiveRecord.php(1469): CActiveRecord->getCommandBuilder()
#7 E:\SERVER\WAMP\www\spAPI\protected\controllers\SiteController.php(107): CActiveRecord->findAll(Object(CDbCriteria))
#8 E:\SERVER\WAMP\www\spAPI\protected\controllers\SiteController.php(31): SiteController->actionClaims(NULL, false)
#9 [internal function]: SiteController->actionIndex(NULL)
#10 E:\SERVER\WAMP\www\spAPI\framework\web\actions\CAction.php(108): ReflectionMethod->invokeArgs(Object(SiteController), Array)
#11 E:\SERVER\WAMP\www\spAPI\framework\web\actions\CInlineAction.php(47): CAction->runWithParamsInternal(Object(SiteController), Object(ReflectionMethod), Array)
#12 E:\SERVER\WAMP\www\spAPI\framework\web\CController.php(308): CInlineAction->runWithParams(Array)
#13 E:\SERVER\WAMP\www\spAPI\framework\web\CController.php(286): CController->runAction(Object(CInlineAction))
#14 E:\SERVER\WAMP\www\spAPI\framework\web\CController.php(265): CController->runActionWithFilters(Object(CInlineAction), Array)
#15 E:\SERVER\WAMP\www\spAPI\framework\web\CWebApplication.php(282): CController->run('')
#16 E:\SERVER\WAMP\www\spAPI\framework\web\CWebApplication.php(141): CWebApplication->runController('')
#17 E:\SERVER\WAMP\www\spAPI\framework\base\CApplication.php(180): CWebApplication->processRequest()
#18 E:\SERVER\WAMP\www\spAPI\index.php(13): CApplication->run()
#19 {main}
REQUEST_URI=/index.php?r=gii
---
